<?xml version="1.0" encoding="UTF-8"?>
<testsuite xmlns:xsi="http://www.w3.org/2001/XMLSchema-instance" xsi:noNamespaceSchemaLocation="https://maven.apache.org/surefire/maven-surefire-plugin/xsd/surefire-test-report.xsd" name="com.example.javaee.JavaeeApplicationTests" time="6.239" tests="1" errors="0" skipped="0" failures="0">
  <properties>
    <property name="sun.desktop" value="windows"/>
    <property name="awt.toolkit" value="sun.awt.windows.WToolkit"/>
    <property name="file.encoding.pkg" value="sun.io"/>
    <property name="java.specification.version" value="1.8"/>
    <property name="sun.cpu.isalist" value="amd64"/>
    <property name="sun.jnu.encoding" value="GBK"/>
    <property name="java.class.path" value="C:\Users\d\Desktop\E\新建文件夹 (2)\JoinLittleTeam\target\test-classes;C:\Users\d\Desktop\E\新建文件夹 (2)\JoinLittleTeam\target\classes;D:\JoinFile\apache-maven-3.6.1\repo\org\springframework\boot\spring-boot-starter-web\2.2.1.RELEASE\spring-boot-starter-web-2.2.1.RELEASE.jar;D:\JoinFile\apache-maven-3.6.1\repo\org\springframework\boot\spring-boot-starter\2.2.1.RELEASE\spring-boot-starter-2.2.1.RELEASE.jar;D:\JoinFile\apache-maven-3.6.1\repo\org\springframework\boot\spring-boot\2.2.1.RELEASE\spring-boot-2.2.1.RELEASE.jar;D:\JoinFile\apache-maven-3.6.1\repo\org\springframework\boot\spring-boot-autoconfigure\2.2.1.RELEASE\spring-boot-autoconfigure-2.2.1.RELEASE.jar;D:\JoinFile\apache-maven-3.6.1\repo\org\springframework\boot\spring-boot-starter-logging\2.2.1.RELEASE\spring-boot-starter-logging-2.2.1.RELEASE.jar;D:\JoinFile\apache-maven-3.6.1\repo\ch\qos\logback\logback-classic\1.2.3\logback-classic-1.2.3.jar;D:\JoinFile\apache-maven-3.6.1\repo\ch\qos\logback\logback-core\1.2.3\logback-core-1.2.3.jar;D:\JoinFile\apache-maven-3.6.1\repo\org\apache\logging\log4j\log4j-to-slf4j\2.12.1\log4j-to-slf4j-2.12.1.jar;D:\JoinFile\apache-maven-3.6.1\repo\org\apache\logging\log4j\log4j-api\2.12.1\log4j-api-2.12.1.jar;D:\JoinFile\apache-maven-3.6.1\repo\org\slf4j\jul-to-slf4j\1.7.29\jul-to-slf4j-1.7.29.jar;D:\JoinFile\apache-maven-3.6.1\repo\jakarta\annotation\jakarta.annotation-api\1.3.5\jakarta.annotation-api-1.3.5.jar;D:\JoinFile\apache-maven-3.6.1\repo\org\yaml\snakeyaml\1.25\snakeyaml-1.25.jar;D:\JoinFile\apache-maven-3.6.1\repo\org\springframework\boot\spring-boot-starter-json\2.2.1.RELEASE\spring-boot-starter-json-2.2.1.RELEASE.jar;D:\JoinFile\apache-maven-3.6.1\repo\com\fasterxml\jackson\core\jackson-databind\2.10.0\jackson-databind-2.10.0.jar;D:\JoinFile\apache-maven-3.6.1\repo\com\fasterxml\jackson\core\jackson-annotations\2.10.0\jackson-annotations-2.10.0.jar;D:\JoinFile\apache-maven-3.6.1\repo\com\fasterxml\jackson\core\jackson-core\2.10.0\jackson-core-2.10.0.jar;D:\JoinFile\apache-maven-3.6.1\repo\com\fasterxml\jackson\datatype\jackson-datatype-jdk8\2.10.0\jackson-datatype-jdk8-2.10.0.jar;D:\JoinFile\apache-maven-3.6.1\repo\com\fasterxml\jackson\datatype\jackson-datatype-jsr310\2.10.0\jackson-datatype-jsr310-2.10.0.jar;D:\JoinFile\apache-maven-3.6.1\repo\com\fasterxml\jackson\module\jackson-module-parameter-names\2.10.0\jackson-module-parameter-names-2.10.0.jar;D:\JoinFile\apache-maven-3.6.1\repo\org\springframework\boot\spring-boot-starter-tomcat\2.2.1.RELEASE\spring-boot-starter-tomcat-2.2.1.RELEASE.jar;D:\JoinFile\apache-maven-3.6.1\repo\org\apache\tomcat\embed\tomcat-embed-core\9.0.27\tomcat-embed-core-9.0.27.jar;D:\JoinFile\apache-maven-3.6.1\repo\org\apache\tomcat\embed\tomcat-embed-el\9.0.27\tomcat-embed-el-9.0.27.jar;D:\JoinFile\apache-maven-3.6.1\repo\org\apache\tomcat\embed\tomcat-embed-websocket\9.0.27\tomcat-embed-websocket-9.0.27.jar;D:\JoinFile\apache-maven-3.6.1\repo\org\springframework\boot\spring-boot-starter-validation\2.2.1.RELEASE\spring-boot-starter-validation-2.2.1.RELEASE.jar;D:\JoinFile\apache-maven-3.6.1\repo\jakarta\validation\jakarta.validation-api\2.0.1\jakarta.validation-api-2.0.1.jar;D:\JoinFile\apache-maven-3.6.1\repo\org\hibernate\validator\hibernate-validator\6.0.18.Final\hibernate-validator-6.0.18.Final.jar;D:\JoinFile\apache-maven-3.6.1\repo\org\jboss\logging\jboss-logging\3.4.1.Final\jboss-logging-3.4.1.Final.jar;D:\JoinFile\apache-maven-3.6.1\repo\com\fasterxml\classmate\1.5.1\classmate-1.5.1.jar;D:\JoinFile\apache-maven-3.6.1\repo\org\springframework\spring-web\5.2.1.RELEASE\spring-web-5.2.1.RELEASE.jar;D:\JoinFile\apache-maven-3.6.1\repo\org\springframework\spring-beans\5.2.1.RELEASE\spring-beans-5.2.1.RELEASE.jar;D:\JoinFile\apache-maven-3.6.1\repo\org\springframework\spring-webmvc\5.2.1.RELEASE\spring-webmvc-5.2.1.RELEASE.jar;D:\JoinFile\apache-maven-3.6.1\repo\org\springframework\spring-aop\5.2.1.RELEASE\spring-aop-5.2.1.RELEASE.jar;D:\JoinFile\apache-maven-3.6.1\repo\org\springframework\spring-context\5.2.1.RELEASE\spring-context-5.2.1.RELEASE.jar;D:\JoinFile\apache-maven-3.6.1\repo\org\springframework\spring-expression\5.2.1.RELEASE\spring-expression-5.2.1.RELEASE.jar;D:\JoinFile\apache-maven-3.6.1\repo\org\springframework\boot\spring-boot-starter-test\2.2.1.RELEASE\spring-boot-starter-test-2.2.1.RELEASE.jar;D:\JoinFile\apache-maven-3.6.1\repo\org\springframework\boot\spring-boot-test\2.2.1.RELEASE\spring-boot-test-2.2.1.RELEASE.jar;D:\JoinFile\apache-maven-3.6.1\repo\org\springframework\boot\spring-boot-test-autoconfigure\2.2.1.RELEASE\spring-boot-test-autoconfigure-2.2.1.RELEASE.jar;D:\JoinFile\apache-maven-3.6.1\repo\com\jayway\jsonpath\json-path\2.4.0\json-path-2.4.0.jar;D:\JoinFile\apache-maven-3.6.1\repo\net\minidev\json-smart\2.3\json-smart-2.3.jar;D:\JoinFile\apache-maven-3.6.1\repo\net\minidev\accessors-smart\1.2\accessors-smart-1.2.jar;D:\JoinFile\apache-maven-3.6.1\repo\org\ow2\asm\asm\5.0.4\asm-5.0.4.jar;D:\JoinFile\apache-maven-3.6.1\repo\org\slf4j\slf4j-api\1.7.29\slf4j-api-1.7.29.jar;D:\JoinFile\apache-maven-3.6.1\repo\jakarta\xml\bind\jakarta.xml.bind-api\2.3.2\jakarta.xml.bind-api-2.3.2.jar;D:\JoinFile\apache-maven-3.6.1\repo\jakarta\activation\jakarta.activation-api\1.2.1\jakarta.activation-api-1.2.1.jar;D:\JoinFile\apache-maven-3.6.1\repo\org\junit\jupiter\junit-jupiter\5.5.2\junit-jupiter-5.5.2.jar;D:\JoinFile\apache-maven-3.6.1\repo\org\junit\jupiter\junit-jupiter-api\5.5.2\junit-jupiter-api-5.5.2.jar;D:\JoinFile\apache-maven-3.6.1\repo\org\apiguardian\apiguardian-api\1.1.0\apiguardian-api-1.1.0.jar;D:\JoinFile\apache-maven-3.6.1\repo\org\opentest4j\opentest4j\1.2.0\opentest4j-1.2.0.jar;D:\JoinFile\apache-maven-3.6.1\repo\org\junit\platform\junit-platform-commons\1.5.2\junit-platform-commons-1.5.2.jar;D:\JoinFile\apache-maven-3.6.1\repo\org\junit\jupiter\junit-jupiter-params\5.5.2\junit-jupiter-params-5.5.2.jar;D:\JoinFile\apache-maven-3.6.1\repo\org\junit\jupiter\junit-jupiter-engine\5.5.2\junit-jupiter-engine-5.5.2.jar;D:\JoinFile\apache-maven-3.6.1\repo\org\junit\platform\junit-platform-engine\1.5.2\junit-platform-engine-1.5.2.jar;D:\JoinFile\apache-maven-3.6.1\repo\org\mockito\mockito-junit-jupiter\3.1.0\mockito-junit-jupiter-3.1.0.jar;D:\JoinFile\apache-maven-3.6.1\repo\org\assertj\assertj-core\3.13.2\assertj-core-3.13.2.jar;D:\JoinFile\apache-maven-3.6.1\repo\org\hamcrest\hamcrest\2.1\hamcrest-2.1.jar;D:\JoinFile\apache-maven-3.6.1\repo\org\mockito\mockito-core\3.1.0\mockito-core-3.1.0.jar;D:\JoinFile\apache-maven-3.6.1\repo\net\bytebuddy\byte-buddy\1.10.2\byte-buddy-1.10.2.jar;D:\JoinFile\apache-maven-3.6.1\repo\net\bytebuddy\byte-buddy-agent\1.10.2\byte-buddy-agent-1.10.2.jar;D:\JoinFile\apache-maven-3.6.1\repo\org\objenesis\objenesis\2.6\objenesis-2.6.jar;D:\JoinFile\apache-maven-3.6.1\repo\org\skyscreamer\jsonassert\1.5.0\jsonassert-1.5.0.jar;D:\JoinFile\apache-maven-3.6.1\repo\com\vaadin\external\google\android-json\0.0.20131108.vaadin1\android-json-0.0.20131108.vaadin1.jar;D:\JoinFile\apache-maven-3.6.1\repo\org\springframework\spring-core\5.2.1.RELEASE\spring-core-5.2.1.RELEASE.jar;D:\JoinFile\apache-maven-3.6.1\repo\org\springframework\spring-jcl\5.2.1.RELEASE\spring-jcl-5.2.1.RELEASE.jar;D:\JoinFile\apache-maven-3.6.1\repo\org\springframework\spring-test\5.2.1.RELEASE\spring-test-5.2.1.RELEASE.jar;D:\JoinFile\apache-maven-3.6.1\repo\org\xmlunit\xmlunit-core\2.6.3\xmlunit-core-2.6.3.jar;D:\JoinFile\apache-maven-3.6.1\repo\org\mybatis\spring\boot\mybatis-spring-boot-starter\1.3.2\mybatis-spring-boot-starter-1.3.2.jar;D:\JoinFile\apache-maven-3.6.1\repo\org\springframework\boot\spring-boot-starter-jdbc\2.2.1.RELEASE\spring-boot-starter-jdbc-2.2.1.RELEASE.jar;D:\JoinFile\apache-maven-3.6.1\repo\com\zaxxer\HikariCP\3.4.1\HikariCP-3.4.1.jar;D:\JoinFile\apache-maven-3.6.1\repo\org\springframework\spring-jdbc\5.2.1.RELEASE\spring-jdbc-5.2.1.RELEASE.jar;D:\JoinFile\apache-maven-3.6.1\repo\org\springframework\spring-tx\5.2.1.RELEASE\spring-tx-5.2.1.RELEASE.jar;D:\JoinFile\apache-maven-3.6.1\repo\org\mybatis\spring\boot\mybatis-spring-boot-autoconfigure\1.3.2\mybatis-spring-boot-autoconfigure-1.3.2.jar;D:\JoinFile\apache-maven-3.6.1\repo\org\mybatis\mybatis-spring\1.3.2\mybatis-spring-1.3.2.jar;D:\JoinFile\apache-maven-3.6.1\repo\org\mybatis\mybatis\3.4.6\mybatis-3.4.6.jar;D:\JoinFile\apache-maven-3.6.1\repo\commons-io\commons-io\2.6\commons-io-2.6.jar;D:\JoinFile\apache-maven-3.6.1\repo\mysql\mysql-connector-java\5.1.45\mysql-connector-java-5.1.45.jar;D:\JoinFile\apache-maven-3.6.1\repo\junit\junit\4.12\junit-4.12.jar;D:\JoinFile\apache-maven-3.6.1\repo\org\hamcrest\hamcrest-core\2.1\hamcrest-core-2.1.jar;D:\JoinFile\apache-maven-3.6.1\repo\commons-fileupload\commons-fileupload\1.4\commons-fileupload-1.4.jar;D:\JoinFile\apache-maven-3.6.1\repo\org\springframework\boot\spring-boot-starter-thymeleaf\2.2.1.RELEASE\spring-boot-starter-thymeleaf-2.2.1.RELEASE.jar;D:\JoinFile\apache-maven-3.6.1\repo\org\thymeleaf\thymeleaf-spring5\3.0.11.RELEASE\thymeleaf-spring5-3.0.11.RELEASE.jar;D:\JoinFile\apache-maven-3.6.1\repo\org\thymeleaf\thymeleaf\3.0.11.RELEASE\thymeleaf-3.0.11.RELEASE.jar;D:\JoinFile\apache-maven-3.6.1\repo\org\attoparser\attoparser\2.0.5.RELEASE\attoparser-2.0.5.RELEASE.jar;D:\JoinFile\apache-maven-3.6.1\repo\org\unbescape\unbescape\1.1.6.RELEASE\unbescape-1.1.6.RELEASE.jar;D:\JoinFile\apache-maven-3.6.1\repo\org\thymeleaf\extras\thymeleaf-extras-java8time\3.0.4.RELEASE\thymeleaf-extras-java8time-3.0.4.RELEASE.jar;D:\JoinFile\apache-maven-3.6.1\repo\org\apache\shiro\shiro-spring\1.3.2\shiro-spring-1.3.2.jar;D:\JoinFile\apache-maven-3.6.1\repo\org\apache\shiro\shiro-core\1.3.2\shiro-core-1.3.2.jar;D:\JoinFile\apache-maven-3.6.1\repo\commons-beanutils\commons-beanutils\1.8.3\commons-beanutils-1.8.3.jar;D:\JoinFile\apache-maven-3.6.1\repo\org\apache\shiro\shiro-web\1.3.2\shiro-web-1.3.2.jar;"/>
    <property name="java.vm.vendor" value="Oracle Corporation"/>
    <property name="sun.arch.data.model" value="64"/>
    <property name="user.variant" value=""/>
    <property name="java.vendor.url" value="http://java.oracle.com/"/>
    <property name="user.timezone" value="Asia/Shanghai"/>
    <property name="user.country.format" value="HK"/>
    <property name="java.vm.specification.version" value="1.8"/>
    <property name="os.name" value="Windows 10"/>
    <property name="user.country" value="CN"/>
    <property name="sun.java.launcher" value="SUN_STANDARD"/>
    <property name="sun.boot.library.path" value="D:\JoinFile\jdk1.8.0_161\jre\bin"/>
    <property name="sun.java.command" value="C:\Users\d\AppData\Local\Temp\surefire5648310975834902069\surefirebooter5930195126127494651.jar C:\Users\d\AppData\Local\Temp\surefire5648310975834902069 2020-05-28T19-46-07_445-jvmRun1 surefire6767454965365294870tmp surefire_05114504509491936335tmp"/>
    <property name="surefire.test.class.path" value="C:\Users\d\Desktop\E\新建文件夹 (2)\JoinLittleTeam\target\test-classes;C:\Users\d\Desktop\E\新建文件夹 (2)\JoinLittleTeam\target\classes;D:\JoinFile\apache-maven-3.6.1\repo\org\springframework\boot\spring-boot-starter-web\2.2.1.RELEASE\spring-boot-starter-web-2.2.1.RELEASE.jar;D:\JoinFile\apache-maven-3.6.1\repo\org\springframework\boot\spring-boot-starter\2.2.1.RELEASE\spring-boot-starter-2.2.1.RELEASE.jar;D:\JoinFile\apache-maven-3.6.1\repo\org\springframework\boot\spring-boot\2.2.1.RELEASE\spring-boot-2.2.1.RELEASE.jar;D:\JoinFile\apache-maven-3.6.1\repo\org\springframework\boot\spring-boot-autoconfigure\2.2.1.RELEASE\spring-boot-autoconfigure-2.2.1.RELEASE.jar;D:\JoinFile\apache-maven-3.6.1\repo\org\springframework\boot\spring-boot-starter-logging\2.2.1.RELEASE\spring-boot-starter-logging-2.2.1.RELEASE.jar;D:\JoinFile\apache-maven-3.6.1\repo\ch\qos\logback\logback-classic\1.2.3\logback-classic-1.2.3.jar;D:\JoinFile\apache-maven-3.6.1\repo\ch\qos\logback\logback-core\1.2.3\logback-core-1.2.3.jar;D:\JoinFile\apache-maven-3.6.1\repo\org\apache\logging\log4j\log4j-to-slf4j\2.12.1\log4j-to-slf4j-2.12.1.jar;D:\JoinFile\apache-maven-3.6.1\repo\org\apache\logging\log4j\log4j-api\2.12.1\log4j-api-2.12.1.jar;D:\JoinFile\apache-maven-3.6.1\repo\org\slf4j\jul-to-slf4j\1.7.29\jul-to-slf4j-1.7.29.jar;D:\JoinFile\apache-maven-3.6.1\repo\jakarta\annotation\jakarta.annotation-api\1.3.5\jakarta.annotation-api-1.3.5.jar;D:\JoinFile\apache-maven-3.6.1\repo\org\yaml\snakeyaml\1.25\snakeyaml-1.25.jar;D:\JoinFile\apache-maven-3.6.1\repo\org\springframework\boot\spring-boot-starter-json\2.2.1.RELEASE\spring-boot-starter-json-2.2.1.RELEASE.jar;D:\JoinFile\apache-maven-3.6.1\repo\com\fasterxml\jackson\core\jackson-databind\2.10.0\jackson-databind-2.10.0.jar;D:\JoinFile\apache-maven-3.6.1\repo\com\fasterxml\jackson\core\jackson-annotations\2.10.0\jackson-annotations-2.10.0.jar;D:\JoinFile\apache-maven-3.6.1\repo\com\fasterxml\jackson\core\jackson-core\2.10.0\jackson-core-2.10.0.jar;D:\JoinFile\apache-maven-3.6.1\repo\com\fasterxml\jackson\datatype\jackson-datatype-jdk8\2.10.0\jackson-datatype-jdk8-2.10.0.jar;D:\JoinFile\apache-maven-3.6.1\repo\com\fasterxml\jackson\datatype\jackson-datatype-jsr310\2.10.0\jackson-datatype-jsr310-2.10.0.jar;D:\JoinFile\apache-maven-3.6.1\repo\com\fasterxml\jackson\module\jackson-module-parameter-names\2.10.0\jackson-module-parameter-names-2.10.0.jar;D:\JoinFile\apache-maven-3.6.1\repo\org\springframework\boot\spring-boot-starter-tomcat\2.2.1.RELEASE\spring-boot-starter-tomcat-2.2.1.RELEASE.jar;D:\JoinFile\apache-maven-3.6.1\repo\org\apache\tomcat\embed\tomcat-embed-core\9.0.27\tomcat-embed-core-9.0.27.jar;D:\JoinFile\apache-maven-3.6.1\repo\org\apache\tomcat\embed\tomcat-embed-el\9.0.27\tomcat-embed-el-9.0.27.jar;D:\JoinFile\apache-maven-3.6.1\repo\org\apache\tomcat\embed\tomcat-embed-websocket\9.0.27\tomcat-embed-websocket-9.0.27.jar;D:\JoinFile\apache-maven-3.6.1\repo\org\springframework\boot\spring-boot-starter-validation\2.2.1.RELEASE\spring-boot-starter-validation-2.2.1.RELEASE.jar;D:\JoinFile\apache-maven-3.6.1\repo\jakarta\validation\jakarta.validation-api\2.0.1\jakarta.validation-api-2.0.1.jar;D:\JoinFile\apache-maven-3.6.1\repo\org\hibernate\validator\hibernate-validator\6.0.18.Final\hibernate-validator-6.0.18.Final.jar;D:\JoinFile\apache-maven-3.6.1\repo\org\jboss\logging\jboss-logging\3.4.1.Final\jboss-logging-3.4.1.Final.jar;D:\JoinFile\apache-maven-3.6.1\repo\com\fasterxml\classmate\1.5.1\classmate-1.5.1.jar;D:\JoinFile\apache-maven-3.6.1\repo\org\springframework\spring-web\5.2.1.RELEASE\spring-web-5.2.1.RELEASE.jar;D:\JoinFile\apache-maven-3.6.1\repo\org\springframework\spring-beans\5.2.1.RELEASE\spring-beans-5.2.1.RELEASE.jar;D:\JoinFile\apache-maven-3.6.1\repo\org\springframework\spring-webmvc\5.2.1.RELEASE\spring-webmvc-5.2.1.RELEASE.jar;D:\JoinFile\apache-maven-3.6.1\repo\org\springframework\spring-aop\5.2.1.RELEASE\spring-aop-5.2.1.RELEASE.jar;D:\JoinFile\apache-maven-3.6.1\repo\org\springframework\spring-context\5.2.1.RELEASE\spring-context-5.2.1.RELEASE.jar;D:\JoinFile\apache-maven-3.6.1\repo\org\springframework\spring-expression\5.2.1.RELEASE\spring-expression-5.2.1.RELEASE.jar;D:\JoinFile\apache-maven-3.6.1\repo\org\springframework\boot\spring-boot-starter-test\2.2.1.RELEASE\spring-boot-starter-test-2.2.1.RELEASE.jar;D:\JoinFile\apache-maven-3.6.1\repo\org\springframework\boot\spring-boot-test\2.2.1.RELEASE\spring-boot-test-2.2.1.RELEASE.jar;D:\JoinFile\apache-maven-3.6.1\repo\org\springframework\boot\spring-boot-test-autoconfigure\2.2.1.RELEASE\spring-boot-test-autoconfigure-2.2.1.RELEASE.jar;D:\JoinFile\apache-maven-3.6.1\repo\com\jayway\jsonpath\json-path\2.4.0\json-path-2.4.0.jar;D:\JoinFile\apache-maven-3.6.1\repo\net\minidev\json-smart\2.3\json-smart-2.3.jar;D:\JoinFile\apache-maven-3.6.1\repo\net\minidev\accessors-smart\1.2\accessors-smart-1.2.jar;D:\JoinFile\apache-maven-3.6.1\repo\org\ow2\asm\asm\5.0.4\asm-5.0.4.jar;D:\JoinFile\apache-maven-3.6.1\repo\org\slf4j\slf4j-api\1.7.29\slf4j-api-1.7.29.jar;D:\JoinFile\apache-maven-3.6.1\repo\jakarta\xml\bind\jakarta.xml.bind-api\2.3.2\jakarta.xml.bind-api-2.3.2.jar;D:\JoinFile\apache-maven-3.6.1\repo\jakarta\activation\jakarta.activation-api\1.2.1\jakarta.activation-api-1.2.1.jar;D:\JoinFile\apache-maven-3.6.1\repo\org\junit\jupiter\junit-jupiter\5.5.2\junit-jupiter-5.5.2.jar;D:\JoinFile\apache-maven-3.6.1\repo\org\junit\jupiter\junit-jupiter-api\5.5.2\junit-jupiter-api-5.5.2.jar;D:\JoinFile\apache-maven-3.6.1\repo\org\apiguardian\apiguardian-api\1.1.0\apiguardian-api-1.1.0.jar;D:\JoinFile\apache-maven-3.6.1\repo\org\opentest4j\opentest4j\1.2.0\opentest4j-1.2.0.jar;D:\JoinFile\apache-maven-3.6.1\repo\org\junit\platform\junit-platform-commons\1.5.2\junit-platform-commons-1.5.2.jar;D:\JoinFile\apache-maven-3.6.1\repo\org\junit\jupiter\junit-jupiter-params\5.5.2\junit-jupiter-params-5.5.2.jar;D:\JoinFile\apache-maven-3.6.1\repo\org\junit\jupiter\junit-jupiter-engine\5.5.2\junit-jupiter-engine-5.5.2.jar;D:\JoinFile\apache-maven-3.6.1\repo\org\junit\platform\junit-platform-engine\1.5.2\junit-platform-engine-1.5.2.jar;D:\JoinFile\apache-maven-3.6.1\repo\org\mockito\mockito-junit-jupiter\3.1.0\mockito-junit-jupiter-3.1.0.jar;D:\JoinFile\apache-maven-3.6.1\repo\org\assertj\assertj-core\3.13.2\assertj-core-3.13.2.jar;D:\JoinFile\apache-maven-3.6.1\repo\org\hamcrest\hamcrest\2.1\hamcrest-2.1.jar;D:\JoinFile\apache-maven-3.6.1\repo\org\mockito\mockito-core\3.1.0\mockito-core-3.1.0.jar;D:\JoinFile\apache-maven-3.6.1\repo\net\bytebuddy\byte-buddy\1.10.2\byte-buddy-1.10.2.jar;D:\JoinFile\apache-maven-3.6.1\repo\net\bytebuddy\byte-buddy-agent\1.10.2\byte-buddy-agent-1.10.2.jar;D:\JoinFile\apache-maven-3.6.1\repo\org\objenesis\objenesis\2.6\objenesis-2.6.jar;D:\JoinFile\apache-maven-3.6.1\repo\org\skyscreamer\jsonassert\1.5.0\jsonassert-1.5.0.jar;D:\JoinFile\apache-maven-3.6.1\repo\com\vaadin\external\google\android-json\0.0.20131108.vaadin1\android-json-0.0.20131108.vaadin1.jar;D:\JoinFile\apache-maven-3.6.1\repo\org\springframework\spring-core\5.2.1.RELEASE\spring-core-5.2.1.RELEASE.jar;D:\JoinFile\apache-maven-3.6.1\repo\org\springframework\spring-jcl\5.2.1.RELEASE\spring-jcl-5.2.1.RELEASE.jar;D:\JoinFile\apache-maven-3.6.1\repo\org\springframework\spring-test\5.2.1.RELEASE\spring-test-5.2.1.RELEASE.jar;D:\JoinFile\apache-maven-3.6.1\repo\org\xmlunit\xmlunit-core\2.6.3\xmlunit-core-2.6.3.jar;D:\JoinFile\apache-maven-3.6.1\repo\org\mybatis\spring\boot\mybatis-spring-boot-starter\1.3.2\mybatis-spring-boot-starter-1.3.2.jar;D:\JoinFile\apache-maven-3.6.1\repo\org\springframework\boot\spring-boot-starter-jdbc\2.2.1.RELEASE\spring-boot-starter-jdbc-2.2.1.RELEASE.jar;D:\JoinFile\apache-maven-3.6.1\repo\com\zaxxer\HikariCP\3.4.1\HikariCP-3.4.1.jar;D:\JoinFile\apache-maven-3.6.1\repo\org\springframework\spring-jdbc\5.2.1.RELEASE\spring-jdbc-5.2.1.RELEASE.jar;D:\JoinFile\apache-maven-3.6.1\repo\org\springframework\spring-tx\5.2.1.RELEASE\spring-tx-5.2.1.RELEASE.jar;D:\JoinFile\apache-maven-3.6.1\repo\org\mybatis\spring\boot\mybatis-spring-boot-autoconfigure\1.3.2\mybatis-spring-boot-autoconfigure-1.3.2.jar;D:\JoinFile\apache-maven-3.6.1\repo\org\mybatis\mybatis-spring\1.3.2\mybatis-spring-1.3.2.jar;D:\JoinFile\apache-maven-3.6.1\repo\org\mybatis\mybatis\3.4.6\mybatis-3.4.6.jar;D:\JoinFile\apache-maven-3.6.1\repo\commons-io\commons-io\2.6\commons-io-2.6.jar;D:\JoinFile\apache-maven-3.6.1\repo\mysql\mysql-connector-java\5.1.45\mysql-connector-java-5.1.45.jar;D:\JoinFile\apache-maven-3.6.1\repo\junit\junit\4.12\junit-4.12.jar;D:\JoinFile\apache-maven-3.6.1\repo\org\hamcrest\hamcrest-core\2.1\hamcrest-core-2.1.jar;D:\JoinFile\apache-maven-3.6.1\repo\commons-fileupload\commons-fileupload\1.4\commons-fileupload-1.4.jar;D:\JoinFile\apache-maven-3.6.1\repo\org\springframework\boot\spring-boot-starter-thymeleaf\2.2.1.RELEASE\spring-boot-starter-thymeleaf-2.2.1.RELEASE.jar;D:\JoinFile\apache-maven-3.6.1\repo\org\thymeleaf\thymeleaf-spring5\3.0.11.RELEASE\thymeleaf-spring5-3.0.11.RELEASE.jar;D:\JoinFile\apache-maven-3.6.1\repo\org\thymeleaf\thymeleaf\3.0.11.RELEASE\thymeleaf-3.0.11.RELEASE.jar;D:\JoinFile\apache-maven-3.6.1\repo\org\attoparser\attoparser\2.0.5.RELEASE\attoparser-2.0.5.RELEASE.jar;D:\JoinFile\apache-maven-3.6.1\repo\org\unbescape\unbescape\1.1.6.RELEASE\unbescape-1.1.6.RELEASE.jar;D:\JoinFile\apache-maven-3.6.1\repo\org\thymeleaf\extras\thymeleaf-extras-java8time\3.0.4.RELEASE\thymeleaf-extras-java8time-3.0.4.RELEASE.jar;D:\JoinFile\apache-maven-3.6.1\repo\org\apache\shiro\shiro-spring\1.3.2\shiro-spring-1.3.2.jar;D:\JoinFile\apache-maven-3.6.1\repo\org\apache\shiro\shiro-core\1.3.2\shiro-core-1.3.2.jar;D:\JoinFile\apache-maven-3.6.1\repo\commons-beanutils\commons-beanutils\1.8.3\commons-beanutils-1.8.3.jar;D:\JoinFile\apache-maven-3.6.1\repo\org\apache\shiro\shiro-web\1.3.2\shiro-web-1.3.2.jar;"/>
    <property name="sun.cpu.endian" value="little"/>
    <property name="user.home" value="C:\Users\d"/>
    <property name="user.language" value="zh"/>
    <property name="java.specification.vendor" value="Oracle Corporation"/>
    <property name="java.home" value="D:\JoinFile\jdk1.8.0_161\jre"/>
    <property name="basedir" value="C:\Users\d\Desktop\E\新建文件夹 (2)\JoinLittleTeam"/>
    <property name="file.separator" value="\"/>
    <property name="line.separator" value="&#10;"/>
    <property name="java.vm.specification.vendor" value="Oracle Corporation"/>
    <property name="java.specification.name" value="Java Platform API Specification"/>
    <property name="java.awt.graphicsenv" value="sun.awt.Win32GraphicsEnvironment"/>
    <property name="surefire.real.class.path" value="C:\Users\d\AppData\Local\Temp\surefire5648310975834902069\surefirebooter5930195126127494651.jar"/>
    <property name="sun.boot.class.path" value="D:\JoinFile\jdk1.8.0_161\jre\lib\resources.jar;D:\JoinFile\jdk1.8.0_161\jre\lib\rt.jar;D:\JoinFile\jdk1.8.0_161\jre\lib\sunrsasign.jar;D:\JoinFile\jdk1.8.0_161\jre\lib\jsse.jar;D:\JoinFile\jdk1.8.0_161\jre\lib\jce.jar;D:\JoinFile\jdk1.8.0_161\jre\lib\charsets.jar;D:\JoinFile\jdk1.8.0_161\jre\lib\jfr.jar;D:\JoinFile\jdk1.8.0_161\jre\classes"/>
    <property name="user.script" value=""/>
    <property name="sun.management.compiler" value="HotSpot 64-Bit Tiered Compilers"/>
    <property name="java.runtime.version" value="1.8.0_161-b12"/>
    <property name="user.name" value="d"/>
    <property name="path.separator" value=";"/>
    <property name="os.version" value="10.0"/>
    <property name="java.endorsed.dirs" value="D:\JoinFile\jdk1.8.0_161\jre\lib\endorsed"/>
    <property name="java.runtime.name" value="Java(TM) SE Runtime Environment"/>
    <property name="file.encoding" value="GBK"/>
    <property name="java.vm.name" value="Java HotSpot(TM) 64-Bit Server VM"/>
    <property name="localRepository" value="D:\JoinFile\apache-maven-3.6.1\repo"/>
    <property name="java.vendor.url.bug" value="http://bugreport.sun.com/bugreport/"/>
    <property name="java.io.tmpdir" value="C:\Users\d\AppData\Local\Temp\"/>
    <property name="java.version" value="1.8.0_161"/>
    <property name="user.dir" value="C:\Users\d\Desktop\E\新建文件夹 (2)\JoinLittleTeam"/>
    <property name="os.arch" value="amd64"/>
    <property name="java.vm.specification.name" value="Java Virtual Machine Specification"/>
    <property name="java.awt.printerjob" value="sun.awt.windows.WPrinterJob"/>
    <property name="user.language.format" value="en"/>
    <property name="sun.os.patch.level" value=""/>
    <property name="idea.version2019.3.3" value="true"/>
    <property name="java.library.path" value="D:\JoinFile\jdk1.8.0_161\jre\bin;C:\Windows\Sun\Java\bin;C:\Windows\system32;C:\Windows;D:\anaconda3\condabin;C:\Program Files\NVIDIA GPU Computing Toolkit\CUDA\v10.2\bin;C:\Program Files\NVIDIA GPU Computing Toolkit\CUDA\v10.2\libnvvp;C:\ProgramData\Oracle\Java\javapath;D:\anaconda3\Scripts;D:\anaconda3;D:\JoinFile\xshell\;D:\JoinFile\xftp\;C:\Windows\system32;C:\Windows;C:\Windows\System32\Wbem;C:\Windows\System32\WindowsPowerShell\v1.0\;C:\Windows\System32\OpenSSH\;C:\Program Files (x86)\NVIDIA Corporation\PhysX\Common;D:\JoinFile\Git\cmd;D:\JoinFile\jdk1.8.0_161\bin;D:\JoinFile\jdk1.8.0_161\jre\bin;D:\Matlab\R2015b\runtime\win64;D:\Matlab\R2015b\bin;D:\Matlab\R2015b\polyspace\bin;D:\JoinFile\apache-maven-3.6.1\bin;C:\Program Files (x86)\Microsoft SQL Server\150\DTS\Binn\;C:\Program Files\Microsoft SQL Server\Client SDK\ODBC\130\Tools\Binn\;C:\Program Files (x86)\Microsoft SQL Server\140\Tools\Binn\;C:\Program Files\Microsoft SQL Server\140\Tools\Binn\;C:\Program Files\Microsoft SQL Server\140\DTS\Binn\;D:\Rational\common;D:\Gpg4win\..\GnuPG\bin;D:\JoinFile\mysql-8.0.16-winx64\bin;D:\wget\wget-1.5.3;C:\Program Files\NVIDIA Corporation\Nsight Compute 2019.5.0\;D:\anaconda3;D:\anaconda3\Library\mingw-w64\bin;D:\anaconda3\Library\usr\bin;D:\anaconda3\Library\bin;D:\anaconda3\Scripts;D:\Python\Python37\Scripts\;D:\Python\Python37\;C:\Users\d\AppData\Local\Microsoft\WindowsApps;D:\JetBrains\IntelliJ IDEA 2019.3.3\bin;;C:\Program Files\Bandizip\;D:\JetBrains\PyCharm 2019.3.3\bin;;."/>
    <property name="java.vm.info" value="mixed mode"/>
    <property name="java.vendor" value="Oracle Corporation"/>
    <property name="java.vm.version" value="25.161-b12"/>
    <property name="java.ext.dirs" value="D:\JoinFile\jdk1.8.0_161\jre\lib\ext;C:\Windows\Sun\Java\lib\ext"/>
    <property name="sun.io.unicode.encoding" value="UnicodeLittle"/>
    <property name="maven.repo.local" value="D:\JoinFile\apache-maven-3.6.1\repo"/>
    <property name="java.class.version" value="52.0"/>
  </properties>
  <testcase name="contextLoads" classname="com.example.javaee.JavaeeApplicationTests" time="1.241"/>
</testsuite>